[2025-04-10 02:39:11] [/workspaces/CS190---ICE1] source .devcontainer/shell.sh
[2025-04-10 02:40:07] [/workspaces/CS190---ICE1] apropos compress
[2025-04-10 02:41:06] [/workspaces/CS190---ICE1] echo
[2025-04-10 02:41:13] [/workspaces/CS190---ICE1] echo $HOME
[2025-04-10 02:41:44] [/workspaces/CS190---ICE1] echo print $HOME
[2025-04-10 02:42:13] [/workspaces/CS190---ICE1] man echo
[2025-04-10 02:42:26] [/workspaces/CS190---ICE1] man $HOME
[2025-04-10 02:45:06] [/workspaces/CS190---ICE1] echo HOME
[2025-04-10 02:45:15] [/workspaces/CS190---ICE1] echo %HOME%
[2025-04-10 02:45:21] [/workspaces/CS190---ICE1] echo %HOME
[2025-04-10 02:45:34] [/workspaces/CS190---ICE1] echo $home
[2025-04-10 02:47:33] [/workspaces/CS190---ICE1] dir
[2025-04-10 02:47:42] [/workspaces/CS190---ICE1] up
[2025-04-10 02:47:45] [/workspaces/CS190---ICE1] help
[2025-04-10 02:49:13] [/workspaces/CS190---ICE1] echo "Home directory: $HOME"
[2025-04-10 02:49:28] [/workspaces/CS190---ICE1] echo home
[2025-04-10 02:49:35] [/workspaces/CS190---ICE1] echo hello
[2025-04-10 02:52:54] [/workspaces/CS190---ICE1] echo $HOME
[2025-04-10 02:53:05] [/workspaces/CS190---ICE1] echo $HOME
[2025-04-10 02:54:23] [/workspaces/CS190---ICE1] date
[2025-04-10 02:54:27] [/workspaces/CS190---ICE1] date
[2025-04-10 02:54:57] [/workspaces/CS190---ICE1] echo $HOME
[2025-04-10 02:55:03] [/workspaces/CS190---ICE1] date
[2025-04-10 02:55:57] [/workspaces/CS190---ICE1] echo $PATH
[2025-04-10 02:56:17] [/workspaces/CS190---ICE1] date
[2025-04-10 02:56:56] [/workspaces/CS190---ICE1] echo $HOME
